<?xml version="1.0" encoding="UTF-8"?>
<!-- Generated by org.testng.reporters.JUnitXMLReporter -->
<testsuite hostname="Patel-Family" failures="0" tests="3" name="Default test" time="6.74" errors="0" timestamp="19 Jul 2024 14:29:19 GMT">
  <testcase classname="com.fb.qa.testcases.LoginPageTest" name="loginpagetitletest" time="0.028"/>
  <testcase classname="com.fb.qa.testcases.LoginPageTest" name="fblogotest" time="0.071"/>
  <testcase classname="com.fb.qa.testcases.LoginPageTest" name="logintest" time="0.592"/>
</testsuite> <!-- Default test -->
