<?xml version="1.0" encoding="UTF-8"?>
<testng-results total="3" passed="3" failed="0" skipped="0">
  <reporter-output>
  </reporter-output>
  <suite started-at="2024-07-19T14:29:13Z" name="Default suite" finished-at="2024-07-19T14:29:19Z" duration-ms="6740">
    <groups>
    </groups>
    <test started-at="2024-07-19T14:29:13Z" name="Default test" finished-at="2024-07-19T14:29:19Z" duration-ms="6740">
      <class name="com.fb.qa.testcases.LoginPageTest">
        <test-method is-config="true" signature="setup()[pri:0, instance:com.fb.qa.testcases.LoginPageTest@4c60d6e9]" started-at="2024-07-19T10:29:13Z" name="setup" finished-at="2024-07-19T10:29:15Z" duration-ms="2309" status="PASS">
          <reporter-output>
          </reporter-output>
        </test-method> <!-- setup -->
        <test-method signature="loginpagetitletest()[pri:0, instance:com.fb.qa.testcases.LoginPageTest@4c60d6e9]" started-at="2024-07-19T10:29:15Z" name="loginpagetitletest" finished-at="2024-07-19T10:29:15Z" duration-ms="28" status="PASS">
          <reporter-output>
          </reporter-output>
        </test-method> <!-- loginpagetitletest -->
        <test-method is-config="true" signature="teardown()[pri:0, instance:com.fb.qa.testcases.LoginPageTest@4c60d6e9]" started-at="2024-07-19T10:29:15Z" name="teardown" finished-at="2024-07-19T10:29:15Z" duration-ms="0" status="PASS">
          <reporter-output>
          </reporter-output>
        </test-method> <!-- teardown -->
        <test-method is-config="true" signature="setup()[pri:0, instance:com.fb.qa.testcases.LoginPageTest@4c60d6e9]" started-at="2024-07-19T10:29:15Z" name="setup" finished-at="2024-07-19T10:29:17Z" duration-ms="1821" status="PASS">
          <reporter-output>
          </reporter-output>
        </test-method> <!-- setup -->
        <test-method signature="fblogotest()[pri:0, instance:com.fb.qa.testcases.LoginPageTest@4c60d6e9]" started-at="2024-07-19T10:29:17Z" name="fblogotest" finished-at="2024-07-19T10:29:17Z" duration-ms="71" status="PASS">
          <reporter-output>
          </reporter-output>
        </test-method> <!-- fblogotest -->
        <test-method is-config="true" signature="setup()[pri:0, instance:com.fb.qa.testcases.LoginPageTest@4c60d6e9]" started-at="2024-07-19T10:29:17Z" name="setup" finished-at="2024-07-19T10:29:19Z" duration-ms="1905" status="PASS">
          <reporter-output>
          </reporter-output>
        </test-method> <!-- setup -->
        <test-method is-config="true" signature="teardown()[pri:0, instance:com.fb.qa.testcases.LoginPageTest@4c60d6e9]" started-at="2024-07-19T10:29:17Z" name="teardown" finished-at="2024-07-19T10:29:17Z" duration-ms="0" status="PASS">
          <reporter-output>
          </reporter-output>
        </test-method> <!-- teardown -->
        <test-method signature="logintest()[pri:0, instance:com.fb.qa.testcases.LoginPageTest@4c60d6e9]" started-at="2024-07-19T10:29:19Z" name="logintest" finished-at="2024-07-19T10:29:19Z" duration-ms="592" status="PASS">
          <reporter-output>
          </reporter-output>
        </test-method> <!-- logintest -->
        <test-method is-config="true" signature="teardown()[pri:0, instance:com.fb.qa.testcases.LoginPageTest@4c60d6e9]" started-at="2024-07-19T10:29:19Z" name="teardown" finished-at="2024-07-19T10:29:19Z" duration-ms="0" status="PASS">
          <reporter-output>
          </reporter-output>
        </test-method> <!-- teardown -->
      </class> <!-- com.fb.qa.testcases.LoginPageTest -->
    </test> <!-- Default test -->
  </suite> <!-- Default suite -->
</testng-results>
